[     410ms] [WARNING] Unrecognized feature: 'web-share'. @ http://localhost:8780/index.html#about:377
[     426ms] [LOG] JQMIGRATE: Migrate is installed, version 3.4.0 @ http://localhost:8780/wp-includes/js/jquery/jquery-migrate.min.js?ver=3.4.0:1
[    1057ms] [ERROR] Failed to load resource: the server responded with a status of 404 (File not found) @ http://localhost:8780/wp-content/themes/blocksy/static/bundle/index.html6.48db047398a5c890eb67.js:0
[    1057ms] ChunkLoadError: Loading chunk 6 failed.
(error: http://localhost:8780/wp-content/themes/blocksy/static/bundle/index.html6.48db047398a5c890eb67.js)
    at o.e (http://localhost:8780/wp-content/themes/blocksy/static/bundle/main.js?ver=1.8.36:1:1127)
    at load (http://localhost:8780/wp-content/themes/blocksy/static/bundle/main.js?ver=1.8.36:6:18330)
    at HTMLDocument.n (http://localhost:8780/wp-content/themes/blocksy/static/bundle/main.js?ver=1.8.36:1:4631)
[    4197ms] [WARNING] Unrecognized feature: 'web-share'. @ http://localhost:8780/index.html#about:377
[    4201ms] [LOG] JQMIGRATE: Migrate is installed, version 3.4.0 @ http://localhost:8780/wp-includes/js/jquery/jquery-migrate.min.js?ver=3.4.0:1
[    4373ms] [WARNING] Unrecognized feature: 'web-share'. @ http://localhost:8780/index.html#about:377
[    4377ms] [LOG] JQMIGRATE: Migrate is installed, version 3.4.0 @ http://localhost:8780/wp-includes/js/jquery/jquery-migrate.min.js?ver=3.4.0:1
[    4906ms] [ERROR] Failed to load resource: the server responded with a status of 404 (File not found) @ http://localhost:8780/wp-content/themes/blocksy/static/bundle/index.html6.48db047398a5c890eb67.js:0
[    4906ms] ChunkLoadError: Loading chunk 6 failed.
(error: http://localhost:8780/wp-content/themes/blocksy/static/bundle/index.html6.48db047398a5c890eb67.js)
    at o.e (http://localhost:8780/wp-content/themes/blocksy/static/bundle/main.js?ver=1.8.36:1:1127)
    at load (http://localhost:8780/wp-content/themes/blocksy/static/bundle/main.js?ver=1.8.36:6:18330)
    at HTMLDocument.n (http://localhost:8780/wp-content/themes/blocksy/static/bundle/main.js?ver=1.8.36:1:4631)
[    6490ms] [WARNING] Unrecognized feature: 'web-share'. @ http://localhost:8780/index.html#about:377
[    6494ms] [LOG] JQMIGRATE: Migrate is installed, version 3.4.0 @ http://localhost:8780/wp-includes/js/jquery/jquery-migrate.min.js?ver=3.4.0:1
[    6624ms] [WARNING] Unrecognized feature: 'web-share'. @ http://localhost:8780/index.html#about:377
[    6629ms] [LOG] JQMIGRATE: Migrate is installed, version 3.4.0 @ http://localhost:8780/wp-includes/js/jquery/jquery-migrate.min.js?ver=3.4.0:1
[    7155ms] [ERROR] Failed to load resource: the server responded with a status of 404 (File not found) @ http://localhost:8780/wp-content/themes/blocksy/static/bundle/index.html6.48db047398a5c890eb67.js:0
[    7155ms] ChunkLoadError: Loading chunk 6 failed.
(error: http://localhost:8780/wp-content/themes/blocksy/static/bundle/index.html6.48db047398a5c890eb67.js)
    at o.e (http://localhost:8780/wp-content/themes/blocksy/static/bundle/main.js?ver=1.8.36:1:1127)
    at load (http://localhost:8780/wp-content/themes/blocksy/static/bundle/main.js?ver=1.8.36:6:18330)
    at HTMLDocument.n (http://localhost:8780/wp-content/themes/blocksy/static/bundle/main.js?ver=1.8.36:1:4631)
[   74224ms] [WARNING] Unrecognized feature: 'web-share'. @ http://localhost:8780/index.html#about:368
[   74230ms] [LOG] JQMIGRATE: Migrate is installed, version 3.4.0 @ http://localhost:8780/wp-includes/js/jquery/jquery-migrate.min.js?ver=3.4.0:1
[   74770ms] [ERROR] Failed to load resource: the server responded with a status of 404 (File not found) @ http://localhost:8780/wp-content/themes/blocksy/static/bundle/index.html6.48db047398a5c890eb67.js:0
[   74771ms] ChunkLoadError: Loading chunk 6 failed.
(error: http://localhost:8780/wp-content/themes/blocksy/static/bundle/index.html6.48db047398a5c890eb67.js)
    at o.e (http://localhost:8780/wp-content/themes/blocksy/static/bundle/main.js?ver=1.8.36:1:1127)
    at load (http://localhost:8780/wp-content/themes/blocksy/static/bundle/main.js?ver=1.8.36:6:18330)
    at HTMLDocument.n (http://localhost:8780/wp-content/themes/blocksy/static/bundle/main.js?ver=1.8.36:1:4631)
[  220757ms] [WARNING] Unrecognized feature: 'web-share'. @ http://localhost:8780/index.html#about:366
[  220795ms] [LOG] JQMIGRATE: Migrate is installed, version 3.4.0 @ http://localhost:8780/wp-includes/js/jquery/jquery-migrate.min.js?ver=3.4.0:1
[  220881ms] [WARNING] Unrecognized feature: 'web-share'. @ http://localhost:8780/index.html#about:366
[  220889ms] [LOG] JQMIGRATE: Migrate is installed, version 3.4.0 @ http://localhost:8780/wp-includes/js/jquery/jquery-migrate.min.js?ver=3.4.0:1
[  222130ms] [ERROR] Failed to load resource: the server responded with a status of 404 (File not found) @ http://localhost:8780/wp-content/themes/blocksy/static/bundle/index.html6.48db047398a5c890eb67.js:0
[  222130ms] ChunkLoadError: Loading chunk 6 failed.
(error: http://localhost:8780/wp-content/themes/blocksy/static/bundle/index.html6.48db047398a5c890eb67.js)
    at o.e (http://localhost:8780/wp-content/themes/blocksy/static/bundle/main.js?ver=1.8.36:1:1127)
    at load (http://localhost:8780/wp-content/themes/blocksy/static/bundle/main.js?ver=1.8.36:6:18330)
    at HTMLDocument.n (http://localhost:8780/wp-content/themes/blocksy/static/bundle/main.js?ver=1.8.36:1:4631)
[  782968ms] [WARNING] Unrecognized feature: 'web-share'. @ http://localhost:8780/index.html#about:366
[  782973ms] [LOG] JQMIGRATE: Migrate is installed, version 3.4.0 @ http://localhost:8780/wp-includes/js/jquery/jquery-migrate.min.js?ver=3.4.0:1
[  783104ms] [WARNING] Unrecognized feature: 'web-share'. @ http://localhost:8780/index.html#about:366
[  783110ms] [LOG] JQMIGRATE: Migrate is installed, version 3.4.0 @ http://localhost:8780/wp-includes/js/jquery/jquery-migrate.min.js?ver=3.4.0:1
[  784042ms] [WARNING] Unrecognized feature: 'web-share'. @ http://localhost:8780/index.html#about:366
[  784084ms] [LOG] JQMIGRATE: Migrate is installed, version 3.4.0 @ http://localhost:8780/wp-includes/js/jquery/jquery-migrate.min.js?ver=3.4.0:1
[  785160ms] [ERROR] Failed to load resource: the server responded with a status of 404 (File not found) @ http://localhost:8780/wp-content/themes/blocksy/static/bundle/index.html6.48db047398a5c890eb67.js:0
[  785160ms] ChunkLoadError: Loading chunk 6 failed.
(error: http://localhost:8780/wp-content/themes/blocksy/static/bundle/index.html6.48db047398a5c890eb67.js)
    at o.e (http://localhost:8780/wp-content/themes/blocksy/static/bundle/main.js?ver=1.8.36:1:1127)
    at load (http://localhost:8780/wp-content/themes/blocksy/static/bundle/main.js?ver=1.8.36:6:18330)
    at HTMLDocument.n (http://localhost:8780/wp-content/themes/blocksy/static/bundle/main.js?ver=1.8.36:1:4631)
