[      50ms] [WARNING] Unrecognized feature: 'web-share'. @ http://localhost:8780/index.html:353
[      85ms] [LOG] JQMIGRATE: Migrate is installed, version 3.4.0 @ http://localhost:8780/wp-includes/js/jquery/jquery-migrate.min.js?ver=3.4.0:1
[     902ms] [ERROR] Failed to load resource: the server responded with a status of 404 (File not found) @ http://localhost:8780/wp-content/themes/blocksy/static/bundle/index.html6.48db047398a5c890eb67.js:0
[     903ms] ChunkLoadError: Loading chunk 6 failed.
(error: http://localhost:8780/wp-content/themes/blocksy/static/bundle/index.html6.48db047398a5c890eb67.js)
    at o.e (http://localhost:8780/wp-content/themes/blocksy/static/bundle/main.js?ver=1.8.36:1:1127)
    at load (http://localhost:8780/wp-content/themes/blocksy/static/bundle/main.js?ver=1.8.36:6:18330)
    at HTMLDocument.n (http://localhost:8780/wp-content/themes/blocksy/static/bundle/main.js?ver=1.8.36:1:4631)
[    2654ms] [WARNING] Unrecognized feature: 'web-share'. @ http://localhost:8780/index.html:353
[    2702ms] [LOG] JQMIGRATE: Migrate is installed, version 3.4.0 @ http://localhost:8780/wp-includes/js/jquery/jquery-migrate.min.js?ver=3.4.0:1
[    3653ms] [ERROR] Failed to load resource: the server responded with a status of 404 (File not found) @ http://localhost:8780/wp-content/themes/blocksy/static/bundle/index.html6.48db047398a5c890eb67.js:0
[    3653ms] ChunkLoadError: Loading chunk 6 failed.
(error: http://localhost:8780/wp-content/themes/blocksy/static/bundle/index.html6.48db047398a5c890eb67.js)
    at o.e (http://localhost:8780/wp-content/themes/blocksy/static/bundle/main.js?ver=1.8.36:1:1127)
    at load (http://localhost:8780/wp-content/themes/blocksy/static/bundle/main.js?ver=1.8.36:6:18330)
    at HTMLDocument.n (http://localhost:8780/wp-content/themes/blocksy/static/bundle/main.js?ver=1.8.36:1:4631)
[    9548ms] [WARNING] Unrecognized feature: 'web-share'. @ http://localhost:8780/index.html:353
[    9626ms] [LOG] JQMIGRATE: Migrate is installed, version 3.4.0 @ http://localhost:8780/wp-includes/js/jquery/jquery-migrate.min.js?ver=3.4.0:1
[   10285ms] [ERROR] Failed to load resource: the server responded with a status of 404 (File not found) @ http://localhost:8780/wp-content/themes/blocksy/static/bundle/index.html6.48db047398a5c890eb67.js:0
[   10285ms] ChunkLoadError: Loading chunk 6 failed.
(error: http://localhost:8780/wp-content/themes/blocksy/static/bundle/index.html6.48db047398a5c890eb67.js)
    at o.e (http://localhost:8780/wp-content/themes/blocksy/static/bundle/main.js?ver=1.8.36:1:1127)
    at load (http://localhost:8780/wp-content/themes/blocksy/static/bundle/main.js?ver=1.8.36:6:18330)
    at HTMLDocument.n (http://localhost:8780/wp-content/themes/blocksy/static/bundle/main.js?ver=1.8.36:1:4631)
