[    1186ms] [INFO] %c[libdiscore] 
font-weight: bold;
color: purple;
 [experiment_manager] Loaded experiments from cache @ https://discord.com/assets/sentry.e724d8fa2a04cf0d.js:14
[    1260ms] [LOG] %c[ProcessUtilsElectron] 
font-weight: bold;
color: purple;
 setMemoryInformation not available. @ https://discord.com/assets/sentry.e724d8fa2a04cf0d.js:14
[    1496ms] [LOG] %c[default] 
font-weight: bold;
color: purple;
 [BUILD INFO] Release Channel: stable, Build Number: 520031, Version Hash: a5ad524a3c11f3e832f7b85f94f3dd432494bbbd @ https://discord.com/assets/sentry.e724d8fa2a04cf0d.js:14
[    1497ms] [LOG] AppCrashedFatalReport: getLastCrash not supported. @ https://discord.com/assets/sentry.e724d8fa2a04cf0d.js:14
[    1861ms] [ERROR] Failed to load resource: the server responded with a status of 401 () @ https://discord.com/api/v9/promotions?locale=en-US&platform=0:0
[    5806ms] [WARNING] The resource https://discord.com/assets/189422196a4f8b53.woff2 was preloaded using link preload but not used within a few seconds from the window's load event. Please make sure it has an appropriate `as` value and it is preloaded intentionally. @ https://discord.com/invite/USzmfYwAUa:0
[    5806ms] [WARNING] The resource https://discord.com/assets/ce3b8055f5114434.woff2 was preloaded using link preload but not used within a few seconds from the window's load event. Please make sure it has an appropriate `as` value and it is preloaded intentionally. @ https://discord.com/invite/USzmfYwAUa:0
[    5806ms] [WARNING] The resource https://discord.com/assets/cb2006dbced0e246.woff2 was preloaded using link preload but not used within a few seconds from the window's load event. Please make sure it has an appropriate `as` value and it is preloaded intentionally. @ https://discord.com/invite/USzmfYwAUa:0
[    5806ms] [WARNING] The resource https://discord.com/assets/7a6a566c2e88a35d.woff2 was preloaded using link preload but not used within a few seconds from the window's load event. Please make sure it has an appropriate `as` value and it is preloaded intentionally. @ https://discord.com/invite/USzmfYwAUa:0
[    5806ms] [WARNING] The resource https://discord.com/assets/e52f0cba712e2fb4.woff2 was preloaded using link preload but not used within a few seconds from the window's load event. Please make sure it has an appropriate `as` value and it is preloaded intentionally. @ https://discord.com/invite/USzmfYwAUa:0
[    5806ms] [WARNING] The resource https://discord.com/assets/dd24010f3cf7def7.woff2 was preloaded using link preload but not used within a few seconds from the window's load event. Please make sure it has an appropriate `as` value and it is preloaded intentionally. @ https://discord.com/invite/USzmfYwAUa:0
[   28844ms] [WARNING] Window state not initialized window-1 @ https://discord.com/assets/sentry.e724d8fa2a04cf0d.js:14
[   28845ms] [WARNING] Window state not initialized window-1 @ https://discord.com/assets/sentry.e724d8fa2a04cf0d.js:14
[   28845ms] [WARNING] Window state not initialized window-1 @ https://discord.com/assets/sentry.e724d8fa2a04cf0d.js:14
